1461596071: mosquitto version 1.4.8 (build date Sun, 14 Feb 2016 15:06:55 +0000) starting
1461596071: Config loaded from /mqtt/config/mosquitto.conf.
1461596071: Opening websockets listen socket on port 9001.
1461596071: Opening ipv4 listen socket on port 1883.
1461596071: Opening ipv6 listen socket on port 1883.
1461596631: New connection from 192.168.0.163 on port 1883.
1461596631: New client connected from 192.168.0.163 as MQTT_FX_Client (c1, k60).
1461597871: Saving in-memory database to /mqtt/data/mosquitto.db.
1461599672: Saving in-memory database to /mqtt/data/mosquitto.db.
1461601473: Saving in-memory database to /mqtt/data/mosquitto.db.
1461603274: Saving in-memory database to /mqtt/data/mosquitto.db.
1461605075: Saving in-memory database to /mqtt/data/mosquitto.db.
1461606876: Saving in-memory database to /mqtt/data/mosquitto.db.
1461608677: Saving in-memory database to /mqtt/data/mosquitto.db.
1461610478: Saving in-memory database to /mqtt/data/mosquitto.db.
1461612279: Saving in-memory database to /mqtt/data/mosquitto.db.
1461614080: Saving in-memory database to /mqtt/data/mosquitto.db.
1461615881: Saving in-memory database to /mqtt/data/mosquitto.db.
1461617682: Saving in-memory database to /mqtt/data/mosquitto.db.
1461619483: Saving in-memory database to /mqtt/data/mosquitto.db.
1461621284: Saving in-memory database to /mqtt/data/mosquitto.db.
1461623085: Saving in-memory database to /mqtt/data/mosquitto.db.
1461624886: Saving in-memory database to /mqtt/data/mosquitto.db.
1461626687: Saving in-memory database to /mqtt/data/mosquitto.db.
1461628488: Saving in-memory database to /mqtt/data/mosquitto.db.
